Classic Timing Analyzer report for RSFF
Tue Dec 05 11:47:19 2017
Quartus II Version 8.1 Build 163 10/28/2008 SJ Web Edition


---------------------
; Table of Contents ;
---------------------
  1. Legal Notice
  2. Timing Analyzer Summary
  3. Timing Analyzer Settings
  4. Clock Settings Summary
  5. Clock Setup: 'S'
  6. tsu
  7. tco
  8. th
  9. Timing Analyzer Messages



----------------
; Legal Notice ;
----------------
Copyright (C) 1991-2008 Altera Corporation
Your use of Altera Corporation's design tools, logic functions 
and other software and tools, and its AMPP partner logic 
functions, and any output files from any of the foregoing 
(including device programming or simulation files), and any 
associated documentation or information are expressly subject 
to the terms and conditions of the Altera Program License 
Subscription Agreement, Altera MegaCore Function License 
Agreement, or other applicable license agreement, including, 
without limitation, that your use is for the sole purpose of 
programming logic devices manufactured by Altera and sold by 
Altera or its authorized distributors.  Please refer to the 
applicable agreement for further details.



+----------------------------------------------------------------------------------------------------------------------------------------------------------------+
; Timing Analyzer Summary                                                                                                                                        ;
+------------------------------+-------+---------------+------------------------------------------------+--------+--------+------------+----------+--------------+
; Type                         ; Slack ; Required Time ; Actual Time                                    ; From   ; To     ; From Clock ; To Clock ; Failed Paths ;
+------------------------------+-------+---------------+------------------------------------------------+--------+--------+------------+----------+--------------+
; Worst-case tsu               ; N/A   ; None          ; 2.462 ns                                       ; K      ; inst11 ; --         ; S        ; 0            ;
; Worst-case tco               ; N/A   ; None          ; 6.665 ns                                       ; inst11 ; Q_     ; S          ; --       ; 0            ;
; Worst-case th                ; N/A   ; None          ; -2.105 ns                                      ; J      ; inst11 ; --         ; S        ; 0            ;
; Clock Setup: 'S'             ; N/A   ; None          ; Restricted to 500.00 MHz ( period = 2.000 ns ) ; inst11 ; inst11 ; S          ; S        ; 0            ;
; Total number of failed paths ;       ;               ;                                                ;        ;        ;            ;          ; 0            ;
+------------------------------+-------+---------------+------------------------------------------------+--------+--------+------------+----------+--------------+


+--------------------------------------------------------------------------------------------------------------------+
; Timing Analyzer Settings                                                                                           ;
+---------------------------------------------------------------------+--------------------+------+----+-------------+
; Option                                                              ; Setting            ; From ; To ; Entity Name ;
+---------------------------------------------------------------------+--------------------+------+----+-------------+
; Device Name                                                         ; EP2S15F484C3       ;      ;    ;             ;
; Timing Models                                                       ; Final              ;      ;    ;             ;
; Default hold multicycle                                             ; Same as Multicycle ;      ;    ;             ;
; Cut paths between unrelated clock domains                           ; On                 ;      ;    ;             ;
; Cut off read during write signal paths                              ; On                 ;      ;    ;             ;
; Cut off feedback from I/O pins                                      ; On                 ;      ;    ;             ;
; Report Combined Fast/Slow Timing                                    ; Off                ;      ;    ;             ;
; Ignore Clock Settings                                               ; Off                ;      ;    ;             ;
; Analyze latches as synchronous elements                             ; On                 ;      ;    ;             ;
; Enable Recovery/Removal analysis                                    ; Off                ;      ;    ;             ;
; Enable Clock Latency                                                ; Off                ;      ;    ;             ;
; Use TimeQuest Timing Analyzer                                       ; Off                ;      ;    ;             ;
; Number of source nodes to report per destination node               ; 10                 ;      ;    ;             ;
; Number of destination nodes to report                               ; 10                 ;      ;    ;             ;
; Number of paths to report                                           ; 200                ;      ;    ;             ;
; Report Minimum Timing Checks                                        ; Off                ;      ;    ;             ;
; Use Fast Timing Models                                              ; Off                ;      ;    ;             ;
; Report IO Paths Separately                                          ; Off                ;      ;    ;             ;
; Perform Multicorner Analysis                                        ; On                 ;      ;    ;             ;
; Reports the worst-case path for each clock domain and analysis      ; Off                ;      ;    ;             ;
; Removes common clock path pessimism (CCPP) during slack computation ; Off                ;      ;    ;             ;
; Output I/O Timing Endpoint                                          ; Near End           ;      ;    ;             ;
+---------------------------------------------------------------------+--------------------+------+----+-------------+


+------------------------------------------------------------------------------------------------------------------------------------------------------------------------------------+
; Clock Settings Summary                                                                                                                                                             ;
+-----------------+--------------------+----------+------------------+---------------+--------------+----------+-----------------------+---------------------+--------+--------------+
; Clock Node Name ; Clock Setting Name ; Type     ; Fmax Requirement ; Early Latency ; Late Latency ; Based on ; Multiply Base Fmax by ; Divide Base Fmax by ; Offset ; Phase offset ;
+-----------------+--------------------+----------+------------------+---------------+--------------+----------+-----------------------+---------------------+--------+--------------+
; S               ;                    ; User Pin ; None             ; 0.000 ns      ; 0.000 ns     ; --       ; N/A                   ; N/A                 ; N/A    ;              ;
+-----------------+--------------------+----------+------------------+---------------+--------------+----------+-----------------------+---------------------+--------+--------------+


+--------------------------------------------------------------------------------------------------------------------------------------------------------------------------------------+
; Clock Setup: 'S'                                                                                                                                                                     ;
+-------+------------------------------------------------+--------+--------+------------+----------+-----------------------------+---------------------------+-------------------------+
; Slack ; Actual fmax (period)                           ; From   ; To     ; From Clock ; To Clock ; Required Setup Relationship ; Required Longest P2P Time ; Actual Longest P2P Time ;
+-------+------------------------------------------------+--------+--------+------------+----------+-----------------------------+---------------------------+-------------------------+
; N/A   ; Restricted to 500.00 MHz ( period = 2.000 ns ) ; inst11 ; inst11 ; S          ; S        ; None                        ; None                      ; 0.396 ns                ;
+-------+------------------------------------------------+--------+--------+------------+----------+-----------------------------+---------------------------+-------------------------+


+--------------------------------------------------------------+
; tsu                                                          ;
+-------+--------------+------------+------+--------+----------+
; Slack ; Required tsu ; Actual tsu ; From ; To     ; To Clock ;
+-------+--------------+------------+------+--------+----------+
; N/A   ; None         ; 2.462 ns   ; K    ; inst11 ; S        ;
; N/A   ; None         ; 2.344 ns   ; J    ; inst11 ; S        ;
+-------+--------------+------------+------+--------+----------+


+--------------------------------------------------------------+
; tco                                                          ;
+-------+--------------+------------+--------+----+------------+
; Slack ; Required tco ; Actual tco ; From   ; To ; From Clock ;
+-------+--------------+------------+--------+----+------------+
; N/A   ; None         ; 6.665 ns   ; inst11 ; Q_ ; S          ;
; N/A   ; None         ; 6.121 ns   ; inst11 ; Q  ; S          ;
+-------+--------------+------------+--------+----+------------+


+--------------------------------------------------------------------+
; th                                                                 ;
+---------------+-------------+-----------+------+--------+----------+
; Minimum Slack ; Required th ; Actual th ; From ; To     ; To Clock ;
+---------------+-------------+-----------+------+--------+----------+
; N/A           ; None        ; -2.105 ns ; J    ; inst11 ; S        ;
; N/A           ; None        ; -2.223 ns ; K    ; inst11 ; S        ;
+---------------+-------------+-----------+------+--------+----------+


+--------------------------+
; Timing Analyzer Messages ;
+--------------------------+
Info: *******************************************************************
Info: Running Quartus II Classic Timing Analyzer
    Info: Version 8.1 Build 163 10/28/2008 SJ Web Edition
    Info: Processing started: Tue Dec 05 11:47:18 2017
Info: Command: quartus_tan --read_settings_files=off --write_settings_files=off RSFF -c RSFF --timing_analysis_only
Warning: Found pins functioning as undefined clocks and/or memory enables
    Info: Assuming node "S" is an undefined clock
Info: Clock "S" Internal fmax is restricted to 500.0 MHz between source register "inst11" and destination register "inst11"
    Info: fmax restricted to clock pin edge rate 2.0 ns. Expand message to see actual delay path.
        Info: + Longest register to register delay is 0.396 ns
            Info: 1: + IC(0.000 ns) + CELL(0.000 ns) = 0.000 ns; Loc. = LCFF_X37_Y15_N17; Fanout = 3; REG Node = 'inst11'
            Info: 2: + IC(0.000 ns) + CELL(0.241 ns) = 0.241 ns; Loc. = LCCOMB_X37_Y15_N16; Fanout = 1; COMB Node = 'inst11~13'
            Info: 3: + IC(0.000 ns) + CELL(0.155 ns) = 0.396 ns; Loc. = LCFF_X37_Y15_N17; Fanout = 3; REG Node = 'inst11'
            Info: Total cell delay = 0.396 ns ( 100.00 % )
        Info: - Smallest clock skew is 0.000 ns
            Info: + Shortest clock path from clock "S" to destination register is 3.117 ns
                Info: 1: + IC(0.000 ns) + CELL(0.864 ns) = 0.864 ns; Loc. = PIN_M20; Fanout = 1; CLK Node = 'S'
                Info: 2: + IC(1.635 ns) + CELL(0.618 ns) = 3.117 ns; Loc. = LCFF_X37_Y15_N17; Fanout = 3; REG Node = 'inst11'
                Info: Total cell delay = 1.482 ns ( 47.55 % )
                Info: Total interconnect delay = 1.635 ns ( 52.45 % )
            Info: - Longest clock path from clock "S" to source register is 3.117 ns
                Info: 1: + IC(0.000 ns) + CELL(0.864 ns) = 0.864 ns; Loc. = PIN_M20; Fanout = 1; CLK Node = 'S'
                Info: 2: + IC(1.635 ns) + CELL(0.618 ns) = 3.117 ns; Loc. = LCFF_X37_Y15_N17; Fanout = 3; REG Node = 'inst11'
                Info: Total cell delay = 1.482 ns ( 47.55 % )
                Info: Total interconnect delay = 1.635 ns ( 52.45 % )
        Info: + Micro clock to output delay of source is 0.094 ns
        Info: + Micro setup delay of destination is 0.090 ns
Info: tsu for register "inst11" (data pin = "K", clock pin = "S") is 2.462 ns
    Info: + Longest pin to register delay is 5.489 ns
        Info: 1: + IC(0.000 ns) + CELL(0.807 ns) = 0.807 ns; Loc. = PIN_G8; Fanout = 1; PIN Node = 'K'
        Info: 2: + IC(4.170 ns) + CELL(0.357 ns) = 5.334 ns; Loc. = LCCOMB_X37_Y15_N16; Fanout = 1; COMB Node = 'inst11~13'
        Info: 3: + IC(0.000 ns) + CELL(0.155 ns) = 5.489 ns; Loc. = LCFF_X37_Y15_N17; Fanout = 3; REG Node = 'inst11'
        Info: Total cell delay = 1.319 ns ( 24.03 % )
        Info: Total interconnect delay = 4.170 ns ( 75.97 % )
    Info: + Micro setup delay of destination is 0.090 ns
    Info: - Shortest clock path from clock "S" to destination register is 3.117 ns
        Info: 1: + IC(0.000 ns) + CELL(0.864 ns) = 0.864 ns; Loc. = PIN_M20; Fanout = 1; CLK Node = 'S'
        Info: 2: + IC(1.635 ns) + CELL(0.618 ns) = 3.117 ns; Loc. = LCFF_X37_Y15_N17; Fanout = 3; REG Node = 'inst11'
        Info: Total cell delay = 1.482 ns ( 47.55 % )
        Info: Total interconnect delay = 1.635 ns ( 52.45 % )
Info: tco from clock "S" to destination pin "Q_" through register "inst11" is 6.665 ns
    Info: + Longest clock path from clock "S" to source register is 3.117 ns
        Info: 1: + IC(0.000 ns) + CELL(0.864 ns) = 0.864 ns; Loc. = PIN_M20; Fanout = 1; CLK Node = 'S'
        Info: 2: + IC(1.635 ns) + CELL(0.618 ns) = 3.117 ns; Loc. = LCFF_X37_Y15_N17; Fanout = 3; REG Node = 'inst11'
        Info: Total cell delay = 1.482 ns ( 47.55 % )
        Info: Total interconnect delay = 1.635 ns ( 52.45 % )
    Info: + Micro clock to output delay of source is 0.094 ns
    Info: + Longest register to pin delay is 3.454 ns
        Info: 1: + IC(0.000 ns) + CELL(0.000 ns) = 0.000 ns; Loc. = LCFF_X37_Y15_N17; Fanout = 3; REG Node = 'inst11'
        Info: 2: + IC(1.472 ns) + CELL(1.982 ns) = 3.454 ns; Loc. = PIN_AA4; Fanout = 0; PIN Node = 'Q_'
        Info: Total cell delay = 1.982 ns ( 57.38 % )
        Info: Total interconnect delay = 1.472 ns ( 42.62 % )
Info: th for register "inst11" (data pin = "J", clock pin = "S") is -2.105 ns
    Info: + Longest clock path from clock "S" to destination register is 3.117 ns
        Info: 1: + IC(0.000 ns) + CELL(0.864 ns) = 0.864 ns; Loc. = PIN_M20; Fanout = 1; CLK Node = 'S'
        Info: 2: + IC(1.635 ns) + CELL(0.618 ns) = 3.117 ns; Loc. = LCFF_X37_Y15_N17; Fanout = 3; REG Node = 'inst11'
        Info: Total cell delay = 1.482 ns ( 47.55 % )
        Info: Total interconnect delay = 1.635 ns ( 52.45 % )
    Info: + Micro hold delay of destination is 0.149 ns
    Info: - Shortest pin to register delay is 5.371 ns
        Info: 1: + IC(0.000 ns) + CELL(0.817 ns) = 0.817 ns; Loc. = PIN_T7; Fanout = 1; PIN Node = 'J'
        Info: 2: + IC(4.346 ns) + CELL(0.053 ns) = 5.216 ns; Loc. = LCCOMB_X37_Y15_N16; Fanout = 1; COMB Node = 'inst11~13'
        Info: 3: + IC(0.000 ns) + CELL(0.155 ns) = 5.371 ns; Loc. = LCFF_X37_Y15_N17; Fanout = 3; REG Node = 'inst11'
        Info: Total cell delay = 1.025 ns ( 19.08 % )
        Info: Total interconnect delay = 4.346 ns ( 80.92 % )
Info: Quartus II Classic Timing Analyzer was successful. 0 errors, 1 warning
    Info: Peak virtual memory: 155 megabytes
    Info: Processing ended: Tue Dec 05 11:47:19 2017
    Info: Elapsed time: 00:00:01
    Info: Total CPU time (on all processors): 00:00:01


